<?xml version="1.0" encoding="UTF-8"?>
<testng-results ignored="0" total="6" passed="4" failed="2" skipped="0">
  <reporter-output>
  </reporter-output>
  <suite started-at="2024-04-26T19:41:23 NZST" name="Suite" finished-at="2024-04-26T19:42:41 NZST" duration-ms="77430">
    <groups>
    </groups>
    <test started-at="2024-04-26T19:41:23 NZST" name="Test" finished-at="2024-04-26T19:42:41 NZST" duration-ms="77430">
      <class name="com.itnetBanking.testCases.java.TC_loginDDT_002">
        <test-method is-config="true" signature="setup(java.lang.String)[pri:0, instance:com.itnetBanking.testCases.java.TC_loginDDT_002@c430e6c]" started-at="2024-04-26T19:41:36 NZST" name="setup" finished-at="2024-04-26T19:41:40 NZST" duration-ms="4543" status="PASS">
          <params>
            <param index="0">
              <value>
                <![CDATA[chrome]]>
              </value>
            </param>
          </params>
          <reporter-output>
          </reporter-output>
        </test-method> <!-- setup -->
        <test-method signature="loginDDT(java.lang.String,java.lang.String)[pri:0, instance:com.itnetBanking.testCases.java.TC_loginDDT_002@c430e6c]" started-at="2024-04-26T19:41:42 NZST" name="loginDDT" data-provider="LoginData" finished-at="2024-04-26T19:41:53 NZST" duration-ms="10516" status="PASS">
          <params>
            <param index="0">
              <value>
                <![CDATA[mngr567414]]>
              </value>
            </param>
            <param index="1">
              <value>
                <![CDATA[YgenYdU]]>
              </value>
            </param>
          </params>
          <reporter-output>
          </reporter-output>
        </test-method> <!-- loginDDT -->
        <test-method signature="loginDDT(java.lang.String,java.lang.String)[pri:0, instance:com.itnetBanking.testCases.java.TC_loginDDT_002@c430e6c]" started-at="2024-04-26T19:41:53 NZST" name="loginDDT" data-provider="LoginData" finished-at="2024-04-26T19:41:58 NZST" duration-ms="5470" status="FAIL">
          <params>
            <param index="0">
              <value>
                <![CDATA[jashdv]]>
              </value>
            </param>
            <param index="1">
              <value>
                <![CDATA[jadhbhas]]>
              </value>
            </param>
          </params>
          <exception class="java.lang.AssertionError">
            <message>
              <![CDATA[expected [true] but found [false]]]>
            </message>
            <full-stacktrace>
              <![CDATA[java.lang.AssertionError: expected [true] but found [false]
at org.testng.Assert.fail(Assert.java:111)
at org.testng.Assert.failNotEquals(Assert.java:1578)
at org.testng.Assert.assertTrue(Assert.java:57)
at org.testng.Assert.assertTrue(Assert.java:67)
at com.itnetBanking.testCases.java.TC_loginDDT_002.loginDDT(TC_loginDDT_002.java:27)
at java.base/jdk.internal.reflect.NativeMethodAccessorImpl.invoke0(Native Method)
at java.base/jdk.internal.reflect.NativeMethodAccessorImpl.invoke(NativeMethodAccessorImpl.java:62)
at java.base/jdk.internal.reflect.DelegatingMethodAccessorImpl.invoke(DelegatingMethodAccessorImpl.java:43)
at java.base/java.lang.reflect.Method.invoke(Method.java:566)
at org.testng.internal.invokers.MethodInvocationHelper.invokeMethod(MethodInvocationHelper.java:139)
at org.testng.internal.invokers.TestInvoker.invokeMethod(TestInvoker.java:664)
at org.testng.internal.invokers.TestInvoker.invokeTestMethod(TestInvoker.java:228)
at org.testng.internal.invokers.MethodRunner.runInSequence(MethodRunner.java:63)
at org.testng.internal.invokers.TestInvoker$MethodInvocationAgent.invoke(TestInvoker.java:961)
at org.testng.internal.invokers.TestInvoker.invokeTestMethods(TestInvoker.java:201)
at org.testng.internal.invokers.TestMethodWorker.invokeTestMethods(TestMethodWorker.java:148)
at org.testng.internal.invokers.TestMethodWorker.run(TestMethodWorker.java:128)
at java.base/java.util.ArrayList.forEach(ArrayList.java:1541)
at org.testng.TestRunner.privateRun(TestRunner.java:819)
at org.testng.TestRunner.run(TestRunner.java:619)
at org.testng.SuiteRunner.runTest(SuiteRunner.java:443)
at org.testng.SuiteRunner.runSequentially(SuiteRunner.java:437)
at org.testng.SuiteRunner.privateRun(SuiteRunner.java:397)
at org.testng.SuiteRunner.run(SuiteRunner.java:336)
at org.testng.SuiteRunnerWorker.runSuite(SuiteRunnerWorker.java:52)
at org.testng.SuiteRunnerWorker.run(SuiteRunnerWorker.java:95)
at org.testng.TestNG.runSuitesSequentially(TestNG.java:1301)
at org.testng.TestNG.runSuitesLocally(TestNG.java:1228)
at org.testng.TestNG.runSuites(TestNG.java:1134)
at org.testng.TestNG.run(TestNG.java:1101)
at org.testng.remote.AbstractRemoteTestNG.run(AbstractRemoteTestNG.java:115)
at org.testng.remote.RemoteTestNG.initAndRun(RemoteTestNG.java:251)
at org.testng.remote.RemoteTestNG.main(RemoteTestNG.java:77)
]]>
            </full-stacktrace>
          </exception> <!-- java.lang.AssertionError -->
          <reporter-output>
          </reporter-output>
        </test-method> <!-- loginDDT -->
        <test-method signature="loginDDT(java.lang.String,java.lang.String)[pri:0, instance:com.itnetBanking.testCases.java.TC_loginDDT_002@c430e6c]" started-at="2024-04-26T19:41:58 NZST" name="loginDDT" data-provider="LoginData" finished-at="2024-04-26T19:42:03 NZST" duration-ms="5291" status="FAIL">
          <params>
            <param index="0">
              <value>
                <![CDATA[duchfbdb]]>
              </value>
            </param>
            <param index="1">
              <value>
                <![CDATA[djkcskjdc]]>
              </value>
            </param>
          </params>
          <exception class="java.lang.AssertionError">
            <message>
              <![CDATA[expected [true] but found [false]]]>
            </message>
            <full-stacktrace>
              <![CDATA[java.lang.AssertionError: expected [true] but found [false]
at org.testng.Assert.fail(Assert.java:111)
at org.testng.Assert.failNotEquals(Assert.java:1578)
at org.testng.Assert.assertTrue(Assert.java:57)
at org.testng.Assert.assertTrue(Assert.java:67)
at com.itnetBanking.testCases.java.TC_loginDDT_002.loginDDT(TC_loginDDT_002.java:27)
at java.base/jdk.internal.reflect.NativeMethodAccessorImpl.invoke0(Native Method)
at java.base/jdk.internal.reflect.NativeMethodAccessorImpl.invoke(NativeMethodAccessorImpl.java:62)
at java.base/jdk.internal.reflect.DelegatingMethodAccessorImpl.invoke(DelegatingMethodAccessorImpl.java:43)
at java.base/java.lang.reflect.Method.invoke(Method.java:566)
at org.testng.internal.invokers.MethodInvocationHelper.invokeMethod(MethodInvocationHelper.java:139)
at org.testng.internal.invokers.TestInvoker.invokeMethod(TestInvoker.java:664)
at org.testng.internal.invokers.TestInvoker.invokeTestMethod(TestInvoker.java:228)
at org.testng.internal.invokers.MethodRunner.runInSequence(MethodRunner.java:63)
at org.testng.internal.invokers.TestInvoker$MethodInvocationAgent.invoke(TestInvoker.java:961)
at org.testng.internal.invokers.TestInvoker.invokeTestMethods(TestInvoker.java:201)
at org.testng.internal.invokers.TestMethodWorker.invokeTestMethods(TestMethodWorker.java:148)
at org.testng.internal.invokers.TestMethodWorker.run(TestMethodWorker.java:128)
at java.base/java.util.ArrayList.forEach(ArrayList.java:1541)
at org.testng.TestRunner.privateRun(TestRunner.java:819)
at org.testng.TestRunner.run(TestRunner.java:619)
at org.testng.SuiteRunner.runTest(SuiteRunner.java:443)
at org.testng.SuiteRunner.runSequentially(SuiteRunner.java:437)
at org.testng.SuiteRunner.privateRun(SuiteRunner.java:397)
at org.testng.SuiteRunner.run(SuiteRunner.java:336)
at org.testng.SuiteRunnerWorker.runSuite(SuiteRunnerWorker.java:52)
at org.testng.SuiteRunnerWorker.run(SuiteRunnerWorker.java:95)
at org.testng.TestNG.runSuitesSequentially(TestNG.java:1301)
at org.testng.TestNG.runSuitesLocally(TestNG.java:1228)
at org.testng.TestNG.runSuites(TestNG.java:1134)
at org.testng.TestNG.run(TestNG.java:1101)
at org.testng.remote.AbstractRemoteTestNG.run(AbstractRemoteTestNG.java:115)
at org.testng.remote.RemoteTestNG.initAndRun(RemoteTestNG.java:251)
at org.testng.remote.RemoteTestNG.main(RemoteTestNG.java:77)
]]>
            </full-stacktrace>
          </exception> <!-- java.lang.AssertionError -->
          <reporter-output>
          </reporter-output>
        </test-method> <!-- loginDDT -->
        <test-method signature="loginDDT(java.lang.String,java.lang.String)[pri:0, instance:com.itnetBanking.testCases.java.TC_loginDDT_002@c430e6c]" started-at="2024-04-26T19:42:03 NZST" name="loginDDT" data-provider="LoginData" finished-at="2024-04-26T19:42:14 NZST" duration-ms="10296" status="PASS">
          <params>
            <param index="0">
              <value>
                <![CDATA[mngr567414]]>
              </value>
            </param>
            <param index="1">
              <value>
                <![CDATA[YgenYdU]]>
              </value>
            </param>
          </params>
          <reporter-output>
          </reporter-output>
        </test-method> <!-- loginDDT -->
        <test-method is-config="true" signature="teardown()[pri:0, instance:com.itnetBanking.testCases.java.TC_loginDDT_002@c430e6c]" started-at="2024-04-26T19:42:14 NZST" name="teardown" finished-at="2024-04-26T19:42:14 NZST" duration-ms="320" status="PASS">
          <reporter-output>
          </reporter-output>
        </test-method> <!-- teardown -->
      </class> <!-- com.itnetBanking.testCases.java.TC_loginDDT_002 -->
      <class name="com.itnetBanking.testCases.java.TC_AddCustomerTest_003">
        <test-method is-config="true" signature="setup(java.lang.String)[pri:0, instance:com.itnetBanking.testCases.java.TC_AddCustomerTest_003@312aa7c]" started-at="2024-04-26T19:42:14 NZST" name="setup" finished-at="2024-04-26T19:42:19 NZST" duration-ms="5143" status="PASS">
          <params>
            <param index="0">
              <value>
                <![CDATA[chrome]]>
              </value>
            </param>
          </params>
          <reporter-output>
          </reporter-output>
        </test-method> <!-- setup -->
        <test-method signature="addNewCustomer()[pri:0, instance:com.itnetBanking.testCases.java.TC_AddCustomerTest_003@312aa7c]" started-at="2024-04-26T19:42:19 NZST" name="addNewCustomer" finished-at="2024-04-26T19:42:40 NZST" duration-ms="21259" status="PASS">
          <reporter-output>
          </reporter-output>
        </test-method> <!-- addNewCustomer -->
        <test-method is-config="true" signature="teardown()[pri:0, instance:com.itnetBanking.testCases.java.TC_AddCustomerTest_003@312aa7c]" started-at="2024-04-26T19:42:40 NZST" name="teardown" finished-at="2024-04-26T19:42:41 NZST" duration-ms="340" status="PASS">
          <reporter-output>
          </reporter-output>
        </test-method> <!-- teardown -->
      </class> <!-- com.itnetBanking.testCases.java.TC_AddCustomerTest_003 -->
      <class name="com.itnetBanking.testCases.java.TC_login_001">
        <test-method is-config="true" signature="setup(java.lang.String)[pri:0, instance:com.itnetBanking.testCases.java.TC_login_001@304bb45b]" started-at="2024-04-26T19:41:24 NZST" name="setup" finished-at="2024-04-26T19:41:30 NZST" duration-ms="6606" status="PASS">
          <params>
            <param index="0">
              <value>
                <![CDATA[chrome]]>
              </value>
            </param>
          </params>
          <reporter-output>
          </reporter-output>
        </test-method> <!-- setup -->
        <test-method signature="login()[pri:0, instance:com.itnetBanking.testCases.java.TC_login_001@304bb45b]" started-at="2024-04-26T19:41:30 NZST" name="login" finished-at="2024-04-26T19:41:35 NZST" duration-ms="5065" status="PASS">
          <reporter-output>
          </reporter-output>
        </test-method> <!-- login -->
        <test-method is-config="true" signature="teardown()[pri:0, instance:com.itnetBanking.testCases.java.TC_login_001@304bb45b]" started-at="2024-04-26T19:41:35 NZST" name="teardown" finished-at="2024-04-26T19:41:36 NZST" duration-ms="328" status="PASS">
          <reporter-output>
          </reporter-output>
        </test-method> <!-- teardown -->
      </class> <!-- com.itnetBanking.testCases.java.TC_login_001 -->
    </test> <!-- Test -->
  </suite> <!-- Suite -->
</testng-results>
